CRITICAL - 2023-09-25 00:43:27 --> Undefined variable $product
in APPPATH\Views\product\dropdown.php on line 31.
 1 APPPATH\Views\product\dropdown.php(31): CodeIgniter\Debug\Exceptions->errorHandler(2, 'Undefined variable $product', 'C:\\laragon\\www\\lab1\\app\\Views\\product\\dropdown.php', 31)
 2 SYSTEMPATH\View\View.php(226): include('C:\\laragon\\www\\lab1\\app\\Views\\product\\dropdown.php')
 3 SYSTEMPATH\View\View.php(229): CodeIgniter\View\View->CodeIgniter\View\{closure}()
 4 SYSTEMPATH\Common.php(1188): CodeIgniter\View\View->render('product/dropdown', [], true)
 5 APPPATH\Controllers\ProductController.php(60): view('product/dropdown')
 6 SYSTEMPATH\CodeIgniter.php(919): App\Controllers\ProductController->dropdown()
 7 SYSTEMPATH\CodeIgniter.php(494): CodeIgniter\CodeIgniter->runController(Object(App\Controllers\ProductController))
 8 SYSTEMPATH\CodeIgniter.php(353): CodeIgniter\CodeIgniter->handleRequest(null, Object(Config\Cache), false)
 9 FCPATH\index.php(79): CodeIgniter\CodeIgniter->run()
10 SYSTEMPATH\Commands\Server\rewrite.php(47): require_once('C:\\laragon\\www\\lab1\\public\\index.php')
CRITICAL - 2023-09-25 01:03:24 --> Access denied for user 'root'@'localhost' (using password: YES)
in APPPATH\Views\product\dropdown.php on line 4.
 1 APPPATH\Views\product\dropdown.php(4): mysqli_connect('localhost', 'root', 'dbprod')
 2 SYSTEMPATH\View\View.php(226): include('C:\\laragon\\www\\lab1\\app\\Views\\product\\dropdown.php')
 3 SYSTEMPATH\View\View.php(229): CodeIgniter\View\View->CodeIgniter\View\{closure}()
 4 SYSTEMPATH\Common.php(1188): CodeIgniter\View\View->render('product/dropdown', [], true)
 5 APPPATH\Controllers\ProductController.php(60): view('product/dropdown')
 6 SYSTEMPATH\CodeIgniter.php(919): App\Controllers\ProductController->dropdown()
 7 SYSTEMPATH\CodeIgniter.php(494): CodeIgniter\CodeIgniter->runController(Object(App\Controllers\ProductController))
 8 SYSTEMPATH\CodeIgniter.php(353): CodeIgniter\CodeIgniter->handleRequest(null, Object(Config\Cache), false)
 9 FCPATH\index.php(79): CodeIgniter\CodeIgniter->run()
10 SYSTEMPATH\Commands\Server\rewrite.php(47): require_once('C:\\laragon\\www\\lab1\\public\\index.php')
CRITICAL - 2023-09-25 01:14:00 --> Access denied for user 'root'@'localhost' (using password: YES)
in APPPATH\Views\product\dropdown.php on line 4.
 1 APPPATH\Views\product\dropdown.php(4): mysqli_connect('localhost', 'root', 'dbprod')
 2 SYSTEMPATH\View\View.php(226): include('C:\\laragon\\www\\lab1\\app\\Views\\product\\dropdown.php')
 3 SYSTEMPATH\View\View.php(229): CodeIgniter\View\View->CodeIgniter\View\{closure}()
 4 SYSTEMPATH\Common.php(1188): CodeIgniter\View\View->render('product/dropdown', [], true)
 5 APPPATH\Controllers\ProductController.php(60): view('product/dropdown')
 6 SYSTEMPATH\CodeIgniter.php(919): App\Controllers\ProductController->dropdown()
 7 SYSTEMPATH\CodeIgniter.php(494): CodeIgniter\CodeIgniter->runController(Object(App\Controllers\ProductController))
 8 SYSTEMPATH\CodeIgniter.php(353): CodeIgniter\CodeIgniter->handleRequest(null, Object(Config\Cache), false)
 9 FCPATH\index.php(79): CodeIgniter\CodeIgniter->run()
10 SYSTEMPATH\Commands\Server\rewrite.php(47): require_once('C:\\laragon\\www\\lab1\\public\\index.php')
CRITICAL - 2023-09-25 01:14:02 --> Access denied for user 'root'@'localhost' (using password: YES)
in APPPATH\Views\product\dropdown.php on line 4.
 1 APPPATH\Views\product\dropdown.php(4): mysqli_connect('localhost', 'root', 'dbprod')
 2 SYSTEMPATH\View\View.php(226): include('C:\\laragon\\www\\lab1\\app\\Views\\product\\dropdown.php')
 3 SYSTEMPATH\View\View.php(229): CodeIgniter\View\View->CodeIgniter\View\{closure}()
 4 SYSTEMPATH\Common.php(1188): CodeIgniter\View\View->render('product/dropdown', [], true)
 5 APPPATH\Controllers\ProductController.php(60): view('product/dropdown')
 6 SYSTEMPATH\CodeIgniter.php(919): App\Controllers\ProductController->dropdown()
 7 SYSTEMPATH\CodeIgniter.php(494): CodeIgniter\CodeIgniter->runController(Object(App\Controllers\ProductController))
 8 SYSTEMPATH\CodeIgniter.php(353): CodeIgniter\CodeIgniter->handleRequest(null, Object(Config\Cache), false)
 9 FCPATH\index.php(79): CodeIgniter\CodeIgniter->run()
10 SYSTEMPATH\Commands\Server\rewrite.php(47): require_once('C:\\laragon\\www\\lab1\\public\\index.php')
CRITICAL - 2023-09-25 01:20:50 --> Access denied for user 'root'@'localhost' (using password: YES)
in APPPATH\Views\product\dropdown.php on line 4.
 1 APPPATH\Views\product\dropdown.php(4): mysqli_connect('localhost', 'root', 'dbprod')
 2 SYSTEMPATH\View\View.php(226): include('C:\\laragon\\www\\lab1\\app\\Views\\product\\dropdown.php')
 3 SYSTEMPATH\View\View.php(229): CodeIgniter\View\View->CodeIgniter\View\{closure}()
 4 SYSTEMPATH\Common.php(1188): CodeIgniter\View\View->render('product/dropdown', [], true)
 5 APPPATH\Controllers\ProductController.php(60): view('product/dropdown')
 6 SYSTEMPATH\CodeIgniter.php(919): App\Controllers\ProductController->dropdown()
 7 SYSTEMPATH\CodeIgniter.php(494): CodeIgniter\CodeIgniter->runController(Object(App\Controllers\ProductController))
 8 SYSTEMPATH\CodeIgniter.php(353): CodeIgniter\CodeIgniter->handleRequest(null, Object(Config\Cache), false)
 9 FCPATH\index.php(79): CodeIgniter\CodeIgniter->run()
10 SYSTEMPATH\Commands\Server\rewrite.php(47): require_once('C:\\laragon\\www\\lab1\\public\\index.php')
CRITICAL - 2023-09-25 01:22:31 --> Access denied for user 'root'@'localhost' (using password: YES)
in APPPATH\Views\product\dropdown.php on line 4.
 1 APPPATH\Views\product\dropdown.php(4): mysqli_connect('localhost', 'root', ' ', 'dbprod')
 2 SYSTEMPATH\View\View.php(226): include('C:\\laragon\\www\\lab1\\app\\Views\\product\\dropdown.php')
 3 SYSTEMPATH\View\View.php(229): CodeIgniter\View\View->CodeIgniter\View\{closure}()
 4 SYSTEMPATH\Common.php(1188): CodeIgniter\View\View->render('product/dropdown', [], true)
 5 APPPATH\Controllers\ProductController.php(60): view('product/dropdown')
 6 SYSTEMPATH\CodeIgniter.php(919): App\Controllers\ProductController->dropdown()
 7 SYSTEMPATH\CodeIgniter.php(494): CodeIgniter\CodeIgniter->runController(Object(App\Controllers\ProductController))
 8 SYSTEMPATH\CodeIgniter.php(353): CodeIgniter\CodeIgniter->handleRequest(null, Object(Config\Cache), false)
 9 FCPATH\index.php(79): CodeIgniter\CodeIgniter->run()
10 SYSTEMPATH\Commands\Server\rewrite.php(47): require_once('C:\\laragon\\www\\lab1\\public\\index.php')
CRITICAL - 2023-09-25 01:25:02 --> Access denied for user 'root'@'localhost' (using password: YES)
in APPPATH\Views\product\dropdown.php on line 4.
 1 APPPATH\Views\product\dropdown.php(4): mysqli_connect('localhost', 'root', 'dbprod')
 2 SYSTEMPATH\View\View.php(226): include('C:\\laragon\\www\\lab1\\app\\Views\\product\\dropdown.php')
 3 SYSTEMPATH\View\View.php(229): CodeIgniter\View\View->CodeIgniter\View\{closure}()
 4 SYSTEMPATH\Common.php(1188): CodeIgniter\View\View->render('product/dropdown', [], true)
 5 APPPATH\Controllers\ProductController.php(60): view('product/dropdown')
 6 SYSTEMPATH\CodeIgniter.php(919): App\Controllers\ProductController->dropdown()
 7 SYSTEMPATH\CodeIgniter.php(494): CodeIgniter\CodeIgniter->runController(Object(App\Controllers\ProductController))
 8 SYSTEMPATH\CodeIgniter.php(353): CodeIgniter\CodeIgniter->handleRequest(null, Object(Config\Cache), false)
 9 FCPATH\index.php(79): CodeIgniter\CodeIgniter->run()
10 SYSTEMPATH\Commands\Server\rewrite.php(47): require_once('C:\\laragon\\www\\lab1\\public\\index.php')
CRITICAL - 2023-09-25 01:25:08 --> Access denied for user 'root'@'localhost' (using password: YES)
in APPPATH\Views\product\dropdown.php on line 4.
 1 APPPATH\Views\product\dropdown.php(4): mysqli_connect('localhost', 'root', 'dbprod')
 2 SYSTEMPATH\View\View.php(226): include('C:\\laragon\\www\\lab1\\app\\Views\\product\\dropdown.php')
 3 SYSTEMPATH\View\View.php(229): CodeIgniter\View\View->CodeIgniter\View\{closure}()
 4 SYSTEMPATH\Common.php(1188): CodeIgniter\View\View->render('product/dropdown', [], true)
 5 APPPATH\Controllers\ProductController.php(60): view('product/dropdown')
 6 SYSTEMPATH\CodeIgniter.php(919): App\Controllers\ProductController->dropdown()
 7 SYSTEMPATH\CodeIgniter.php(494): CodeIgniter\CodeIgniter->runController(Object(App\Controllers\ProductController))
 8 SYSTEMPATH\CodeIgniter.php(353): CodeIgniter\CodeIgniter->handleRequest(null, Object(Config\Cache), false)
 9 FCPATH\index.php(79): CodeIgniter\CodeIgniter->run()
10 SYSTEMPATH\Commands\Server\rewrite.php(47): require_once('C:\\laragon\\www\\lab1\\public\\index.php')
CRITICAL - 2023-09-25 01:42:24 --> Access denied for user 'root'@'localhost' (using password: YES)
in APPPATH\Views\product\dropdown.php on line 4.
 1 APPPATH\Views\product\dropdown.php(4): mysqli_connect('localhost', 'root', 'dbprod')
 2 SYSTEMPATH\View\View.php(226): include('C:\\laragon\\www\\lab1\\app\\Views\\product\\dropdown.php')
 3 SYSTEMPATH\View\View.php(229): CodeIgniter\View\View->CodeIgniter\View\{closure}()
 4 SYSTEMPATH\Common.php(1188): CodeIgniter\View\View->render('product/dropdown', [], true)
 5 APPPATH\Controllers\ProductController.php(60): view('product/dropdown')
 6 SYSTEMPATH\CodeIgniter.php(919): App\Controllers\ProductController->dropdown()
 7 SYSTEMPATH\CodeIgniter.php(494): CodeIgniter\CodeIgniter->runController(Object(App\Controllers\ProductController))
 8 SYSTEMPATH\CodeIgniter.php(353): CodeIgniter\CodeIgniter->handleRequest(null, Object(Config\Cache), false)
 9 FCPATH\index.php(79): CodeIgniter\CodeIgniter->run()
10 SYSTEMPATH\Commands\Server\rewrite.php(47): require_once('C:\\laragon\\www\\lab1\\public\\index.php')
CRITICAL - 2023-09-25 01:49:12 --> No database selected
in APPPATH\Views\product\dropdown.php on line 5.
 1 APPPATH\Views\product\dropdown.php(5): mysqli_query(Object(mysqli), 'SELECT * from table_category')
 2 SYSTEMPATH\View\View.php(226): include('C:\\laragon\\www\\lab1\\app\\Views\\product\\dropdown.php')
 3 SYSTEMPATH\View\View.php(229): CodeIgniter\View\View->CodeIgniter\View\{closure}()
 4 SYSTEMPATH\Common.php(1188): CodeIgniter\View\View->render('product/dropdown', [], true)
 5 APPPATH\Controllers\ProductController.php(60): view('product/dropdown')
 6 SYSTEMPATH\CodeIgniter.php(919): App\Controllers\ProductController->dropdown()
 7 SYSTEMPATH\CodeIgniter.php(494): CodeIgniter\CodeIgniter->runController(Object(App\Controllers\ProductController))
 8 SYSTEMPATH\CodeIgniter.php(353): CodeIgniter\CodeIgniter->handleRequest(null, Object(Config\Cache), false)
 9 FCPATH\index.php(79): CodeIgniter\CodeIgniter->run()
10 SYSTEMPATH\Commands\Server\rewrite.php(47): require_once('C:\\laragon\\www\\lab1\\public\\index.php')
CRITICAL - 2023-09-25 01:50:35 --> Table 'dbprod.table_product' doesn't exist
in APPPATH\Views\product\dropdown.php on line 5.
 1 APPPATH\Views\product\dropdown.php(5): mysqli_query(Object(mysqli), 'SELECT * from table_product')
 2 SYSTEMPATH\View\View.php(226): include('C:\\laragon\\www\\lab1\\app\\Views\\product\\dropdown.php')
 3 SYSTEMPATH\View\View.php(229): CodeIgniter\View\View->CodeIgniter\View\{closure}()
 4 SYSTEMPATH\Common.php(1188): CodeIgniter\View\View->render('product/dropdown', [], true)
 5 APPPATH\Controllers\ProductController.php(60): view('product/dropdown')
 6 SYSTEMPATH\CodeIgniter.php(919): App\Controllers\ProductController->dropdown()
 7 SYSTEMPATH\CodeIgniter.php(494): CodeIgniter\CodeIgniter->runController(Object(App\Controllers\ProductController))
 8 SYSTEMPATH\CodeIgniter.php(353): CodeIgniter\CodeIgniter->handleRequest(null, Object(Config\Cache), false)
 9 FCPATH\index.php(79): CodeIgniter\CodeIgniter->run()
10 SYSTEMPATH\Commands\Server\rewrite.php(47): require_once('C:\\laragon\\www\\lab1\\public\\index.php')
