ERROR - 2023-09-23 12:13:43 --> Error connecting to the database: mysqli_sql_exception: Access denied for user ''@'localhost' (using password: NO) in C:\laragon\www\lab1\system\Database\MySQLi\Connection.php:185
Stack trace:
#0 C:\laragon\www\lab1\system\Database\MySQLi\Connection.php(185): mysqli->real_connect('localhost', '', '', '', 3306, '', 0)
#1 C:\laragon\www\lab1\system\Database\BaseConnection.php(391): CodeIgniter\Database\MySQLi\Connection->connect(false)
#2 C:\laragon\www\lab1\system\Database\BaseConnection.php(574): CodeIgniter\Database\BaseConnection->initialize()
#3 C:\laragon\www\lab1\system\Database\BaseBuilder.php(1615): CodeIgniter\Database\BaseConnection->query('SELECT *\nFROM `...', Array, false)
#4 C:\laragon\www\lab1\system\Model.php(237): CodeIgniter\Database\BaseBuilder->get()
#5 C:\laragon\www\lab1\system\BaseModel.php(624): CodeIgniter\Model->doFindAll(0, 0)
#6 C:\laragon\www\lab1\app\Controllers\ProductController.php(15): CodeIgniter\BaseModel->findAll()
#7 C:\laragon\www\lab1\system\CodeIgniter.php(919): App\Controllers\ProductController->index()
#8 C:\laragon\www\lab1\system\CodeIgniter.php(494): CodeIgniter\CodeIgniter->runController(Object(App\Controllers\ProductController))
#9 C:\laragon\www\lab1\system\CodeIgniter.php(353): CodeIgniter\CodeIgniter->handleRequest(NULL, Object(Config\Cache), false)
#10 C:\laragon\www\lab1\public\index.php(79): CodeIgniter\CodeIgniter->run()
#11 C:\laragon\www\lab1\system\Commands\Server\rewrite.php(47): require_once('C:\\laragon\\www\\...')
#12 {main}

Next CodeIgniter\Database\Exceptions\DatabaseException: Access denied for user ''@'localhost' (using password: NO) in C:\laragon\www\lab1\system\Database\MySQLi\Connection.php:229
Stack trace:
#0 C:\laragon\www\lab1\system\Database\BaseConnection.php(391): CodeIgniter\Database\MySQLi\Connection->connect(false)
#1 C:\laragon\www\lab1\system\Database\BaseConnection.php(574): CodeIgniter\Database\BaseConnection->initialize()
#2 C:\laragon\www\lab1\system\Database\BaseBuilder.php(1615): CodeIgniter\Database\BaseConnection->query('SELECT *\nFROM `...', Array, false)
#3 C:\laragon\www\lab1\system\Model.php(237): CodeIgniter\Database\BaseBuilder->get()
#4 C:\laragon\www\lab1\system\BaseModel.php(624): CodeIgniter\Model->doFindAll(0, 0)
#5 C:\laragon\www\lab1\app\Controllers\ProductController.php(15): CodeIgniter\BaseModel->findAll()
#6 C:\laragon\www\lab1\system\CodeIgniter.php(919): App\Controllers\ProductController->index()
#7 C:\laragon\www\lab1\system\CodeIgniter.php(494): CodeIgniter\CodeIgniter->runController(Object(App\Controllers\ProductController))
#8 C:\laragon\www\lab1\system\CodeIgniter.php(353): CodeIgniter\CodeIgniter->handleRequest(NULL, Object(Config\Cache), false)
#9 C:\laragon\www\lab1\public\index.php(79): CodeIgniter\CodeIgniter->run()
#10 C:\laragon\www\lab1\system\Commands\Server\rewrite.php(47): require_once('C:\\laragon\\www\\...')
#11 {main}
CRITICAL - 2023-09-23 12:13:43 --> Unable to connect to the database.
Main connection [MySQLi]: Access denied for user ''@'localhost' (using password: NO)
in SYSTEMPATH\Database\BaseConnection.php on line 427.
 1 SYSTEMPATH\Database\BaseConnection.php(574): CodeIgniter\Database\BaseConnection->initialize()
 2 SYSTEMPATH\Database\BaseBuilder.php(1615): CodeIgniter\Database\BaseConnection->query('SELECT *
FROM `table_products`', [], false)
 3 SYSTEMPATH\Model.php(237): CodeIgniter\Database\BaseBuilder->get()
 4 SYSTEMPATH\BaseModel.php(624): CodeIgniter\Model->doFindAll(0, 0)
 5 APPPATH\Controllers\ProductController.php(15): CodeIgniter\BaseModel->findAll()
 6 SYSTEMPATH\CodeIgniter.php(919): App\Controllers\ProductController->index()
 7 SYSTEMPATH\CodeIgniter.php(494): CodeIgniter\CodeIgniter->runController(Object(App\Controllers\ProductController))
 8 SYSTEMPATH\CodeIgniter.php(353): CodeIgniter\CodeIgniter->handleRequest(null, Object(Config\Cache), false)
 9 FCPATH\index.php(79): CodeIgniter\CodeIgniter->run()
10 SYSTEMPATH\Commands\Server\rewrite.php(47): require_once('C:\\laragon\\www\\lab1\\public\\index.php')
ERROR - 2023-09-23 12:17:03 --> Error connecting to the database: mysqli_sql_exception: Access denied for user ''@'localhost' (using password: NO) in C:\laragon\www\lab1\system\Database\MySQLi\Connection.php:185
Stack trace:
#0 C:\laragon\www\lab1\system\Database\MySQLi\Connection.php(185): mysqli->real_connect('localhost', '', '', '', 3306, '', 0)
#1 C:\laragon\www\lab1\system\Database\BaseConnection.php(391): CodeIgniter\Database\MySQLi\Connection->connect(false)
#2 C:\laragon\www\lab1\system\Database\BaseConnection.php(574): CodeIgniter\Database\BaseConnection->initialize()
#3 C:\laragon\www\lab1\system\Database\BaseBuilder.php(1615): CodeIgniter\Database\BaseConnection->query('SELECT *\nFROM `...', Array, false)
#4 C:\laragon\www\lab1\system\Model.php(237): CodeIgniter\Database\BaseBuilder->get()
#5 C:\laragon\www\lab1\system\BaseModel.php(624): CodeIgniter\Model->doFindAll(0, 0)
#6 C:\laragon\www\lab1\app\Controllers\ProductController.php(15): CodeIgniter\BaseModel->findAll()
#7 C:\laragon\www\lab1\system\CodeIgniter.php(919): App\Controllers\ProductController->index()
#8 C:\laragon\www\lab1\system\CodeIgniter.php(494): CodeIgniter\CodeIgniter->runController(Object(App\Controllers\ProductController))
#9 C:\laragon\www\lab1\system\CodeIgniter.php(353): CodeIgniter\CodeIgniter->handleRequest(NULL, Object(Config\Cache), false)
#10 C:\laragon\www\lab1\public\index.php(79): CodeIgniter\CodeIgniter->run()
#11 C:\laragon\www\lab1\system\Commands\Server\rewrite.php(47): require_once('C:\\laragon\\www\\...')
#12 {main}

Next CodeIgniter\Database\Exceptions\DatabaseException: Access denied for user ''@'localhost' (using password: NO) in C:\laragon\www\lab1\system\Database\MySQLi\Connection.php:229
Stack trace:
#0 C:\laragon\www\lab1\system\Database\BaseConnection.php(391): CodeIgniter\Database\MySQLi\Connection->connect(false)
#1 C:\laragon\www\lab1\system\Database\BaseConnection.php(574): CodeIgniter\Database\BaseConnection->initialize()
#2 C:\laragon\www\lab1\system\Database\BaseBuilder.php(1615): CodeIgniter\Database\BaseConnection->query('SELECT *\nFROM `...', Array, false)
#3 C:\laragon\www\lab1\system\Model.php(237): CodeIgniter\Database\BaseBuilder->get()
#4 C:\laragon\www\lab1\system\BaseModel.php(624): CodeIgniter\Model->doFindAll(0, 0)
#5 C:\laragon\www\lab1\app\Controllers\ProductController.php(15): CodeIgniter\BaseModel->findAll()
#6 C:\laragon\www\lab1\system\CodeIgniter.php(919): App\Controllers\ProductController->index()
#7 C:\laragon\www\lab1\system\CodeIgniter.php(494): CodeIgniter\CodeIgniter->runController(Object(App\Controllers\ProductController))
#8 C:\laragon\www\lab1\system\CodeIgniter.php(353): CodeIgniter\CodeIgniter->handleRequest(NULL, Object(Config\Cache), false)
#9 C:\laragon\www\lab1\public\index.php(79): CodeIgniter\CodeIgniter->run()
#10 C:\laragon\www\lab1\system\Commands\Server\rewrite.php(47): require_once('C:\\laragon\\www\\...')
#11 {main}
CRITICAL - 2023-09-23 12:17:03 --> Unable to connect to the database.
Main connection [MySQLi]: Access denied for user ''@'localhost' (using password: NO)
in SYSTEMPATH\Database\BaseConnection.php on line 427.
 1 SYSTEMPATH\Database\BaseConnection.php(574): CodeIgniter\Database\BaseConnection->initialize()
 2 SYSTEMPATH\Database\BaseBuilder.php(1615): CodeIgniter\Database\BaseConnection->query('SELECT *
FROM `table_products`', [], false)
 3 SYSTEMPATH\Model.php(237): CodeIgniter\Database\BaseBuilder->get()
 4 SYSTEMPATH\BaseModel.php(624): CodeIgniter\Model->doFindAll(0, 0)
 5 APPPATH\Controllers\ProductController.php(15): CodeIgniter\BaseModel->findAll()
 6 SYSTEMPATH\CodeIgniter.php(919): App\Controllers\ProductController->index()
 7 SYSTEMPATH\CodeIgniter.php(494): CodeIgniter\CodeIgniter->runController(Object(App\Controllers\ProductController))
 8 SYSTEMPATH\CodeIgniter.php(353): CodeIgniter\CodeIgniter->handleRequest(null, Object(Config\Cache), false)
 9 FCPATH\index.php(79): CodeIgniter\CodeIgniter->run()
10 SYSTEMPATH\Commands\Server\rewrite.php(47): require_once('C:\\laragon\\www\\lab1\\public\\index.php')
CRITICAL - 2023-09-23 12:32:04 --> Undefined array key "P4odud"
in APPPATH\Views\product\index.php on line 29.
 1 APPPATH\Views\product\index.php(29): CodeIgniter\Debug\Exceptions->errorHandler(2, 'Undefined array key "P4odud"', 'C:\\laragon\\www\\lab1\\app\\Views\\product\\index.php', 29)
 2 SYSTEMPATH\View\View.php(226): include('C:\\laragon\\www\\lab1\\app\\Views\\product\\index.php')
 3 SYSTEMPATH\View\View.php(229): CodeIgniter\View\View->CodeIgniter\View\{closure}()
 4 SYSTEMPATH\Common.php(1188): CodeIgniter\View\View->render('product/index', [], true)
 5 APPPATH\Controllers\ProductController.php(16): view('product/index', [...])
 6 SYSTEMPATH\CodeIgniter.php(919): App\Controllers\ProductController->index()
 7 SYSTEMPATH\CodeIgniter.php(494): CodeIgniter\CodeIgniter->runController(Object(App\Controllers\ProductController))
 8 SYSTEMPATH\CodeIgniter.php(353): CodeIgniter\CodeIgniter->handleRequest(null, Object(Config\Cache), false)
 9 FCPATH\index.php(79): CodeIgniter\CodeIgniter->run()
10 SYSTEMPATH\Commands\Server\rewrite.php(47): require_once('C:\\laragon\\www\\lab1\\public\\index.php')
CRITICAL - 2023-09-23 13:39:22 --> Invalid file: "product/create.php"
in SYSTEMPATH\Exceptions\FrameworkException.php on line 39.
 1 SYSTEMPATH\View\View.php(214): CodeIgniter\Exceptions\FrameworkException::forInvalidFile('product/create.php')
 2 SYSTEMPATH\Common.php(1188): CodeIgniter\View\View->render('product/create', [], true)
 3 APPPATH\Controllers\ProductController.php(19): view('product/create')
 4 SYSTEMPATH\CodeIgniter.php(919): App\Controllers\ProductController->createProduct()
 5 SYSTEMPATH\CodeIgniter.php(494): CodeIgniter\CodeIgniter->runController(Object(App\Controllers\ProductController))
 6 SYSTEMPATH\CodeIgniter.php(353): CodeIgniter\CodeIgniter->handleRequest(null, Object(Config\Cache), false)
 7 FCPATH\index.php(79): CodeIgniter\CodeIgniter->run()
 8 SYSTEMPATH\Commands\Server\rewrite.php(47): require_once('C:\\laragon\\www\\lab1\\public\\index.php')
CRITICAL - 2023-09-23 15:31:08 --> There is no data to update.
in SYSTEMPATH\BaseModel.php on line 1724.
 1 SYSTEMPATH\BaseModel.php(1724): CodeIgniter\Database\Exceptions\DataException::forEmptyDataset('update')
 2 SYSTEMPATH\BaseModel.php(916): CodeIgniter\BaseModel->transformDataToArray(null, 'update')
 3 SYSTEMPATH\Model.php(776): CodeIgniter\BaseModel->update([...], null)
 4 APPPATH\Controllers\ProductController.php(49): CodeIgniter\Model->update([...])
 5 SYSTEMPATH\CodeIgniter.php(919): App\Controllers\ProductController->updateProduct('3')
 6 SYSTEMPATH\CodeIgniter.php(494): CodeIgniter\CodeIgniter->runController(Object(App\Controllers\ProductController))
 7 SYSTEMPATH\CodeIgniter.php(353): CodeIgniter\CodeIgniter->handleRequest(null, Object(Config\Cache), false)
 8 FCPATH\index.php(79): CodeIgniter\CodeIgniter->run()
 9 SYSTEMPATH\Commands\Server\rewrite.php(47): require_once('C:\\laragon\\www\\lab1\\public\\index.php')
